适用于 .NET Framework MSBuild 版本 17.14.19+164abd434

  Clipper2.vcxproj -> F:\Code\OpenProject\variational-surface-cutting\build\STM-Debug\lib\Debug\Clipper2.lib
  bff.vcxproj -> F:\Code\OpenProject\variational-surface-cutting\build\STM-Debug\lib\Debug\bff.lib
  core.vcxproj -> F:\Code\OpenProject\variational-surface-cutting\build\STM-Debug\lib\Debug\core.lib
  flatten-core.vcxproj -> F:\Code\OpenProject\variational-surface-cutting\build\STM-Debug\lib\Debug\flatten-core.lib
  rectangle-bin-pack.vcxproj -> F:\Code\OpenProject\variational-surface-cutting\build\STM-Debug\lib\Debug\rectangle-bin-pack.lib
  cuts-core.vcxproj -> F:\Code\OpenProject\variational-surface-cutting\build\STM-Debug\lib\Debug\cuts-core.lib
  geometry-central.vcxproj -> F:\Code\OpenProject\variational-surface-cutting\build\STM-Debug\lib\Debug\geometry-central.lib
  glfw_objects.vcxproj -> F:\Code\OpenProject\variational-surface-cutting\build\STM-Debug\deps\nanogui\ext_build\glfw\src\glfw_objects.dir\Debug\glfw_objects.lib
  glfw.vcxproj -> F:\Code\OpenProject\variational-surface-cutting\build\STM-Debug\lib\Debug\glfw3.lib
  mesh_processing.cpp
F:\Code\OpenProject\variational-surface-cutting\deps\geometry-central\include\geometrycentral\surface\halfedge_logic_templates.ipp(23,94): warning C4100: 'mesh': 未引用的参数 [F:\Code\OpenProject\variational-surface-cutting\build\STM-Debug\projects\surface-texture-mapping\core\stm-core.vcxproj]
  (编译源文件“../../../../../projects/surface-texture-mapping/core/src/mesh_processing.cpp”)
  
F:\Code\OpenProject\variational-surface-cutting\deps\geometry-central\include\geometrycentral\surface\halfedge_logic_templates.ipp(24,94): warning C4100: 'mesh': 未引用的参数 [F:\Code\OpenProject\variational-surface-cutting\build\STM-Debug\projects\surface-texture-mapping\core\stm-core.vcxproj]
  (编译源文件“../../../../../projects/surface-texture-mapping/core/src/mesh_processing.cpp”)
  
F:\Code\OpenProject\variational-surface-cutting\deps\geometry-central\include\geometrycentral\surface\halfedge_logic_templates.ipp(25,94): warning C4100: 'mesh': 未引用的参数 [F:\Code\OpenProject\variational-surface-cutting\build\STM-Debug\projects\surface-texture-mapping\core\stm-core.vcxproj]
  (编译源文件“../../../../../projects/surface-texture-mapping/core/src/mesh_processing.cpp”)
  
F:\Code\OpenProject\variational-surface-cutting\deps\geometry-central\include\geometrycentral\surface\halfedge_logic_templates.ipp(26,94): warning C4100: 'mesh': 未引用的参数 [F:\Code\OpenProject\variational-surface-cutting\build\STM-Debug\projects\surface-texture-mapping\core\stm-core.vcxproj]
  (编译源文件“../../../../../projects/surface-texture-mapping/core/src/mesh_processing.cpp”)
  
F:\Code\OpenProject\variational-surface-cutting\deps\geometry-central\include\geometrycentral\surface\halfedge_logic_templates.ipp(27,94): warning C4100: 'mesh': 未引用的参数 [F:\Code\OpenProject\variational-surface-cutting\build\STM-Debug\projects\surface-texture-mapping\core\stm-core.vcxproj]
  (编译源文件“../../../../../projects/surface-texture-mapping/core/src/mesh_processing.cpp”)
  
F:\Code\OpenProject\variational-surface-cutting\deps\geometry-central\include\geometrycentral\surface\halfedge_logic_templates.ipp(28,94): warning C4100: 'mesh': 未引用的参数 [F:\Code\OpenProject\variational-surface-cutting\build\STM-Debug\projects\surface-texture-mapping\core\stm-core.vcxproj]
  (编译源文件“../../../../../projects/surface-texture-mapping/core/src/mesh_processing.cpp”)
  
F:\Code\OpenProject\variational-surface-cutting\deps\geometry-central\include\geometrycentral\utilities\dependent_quantity.ipp(48,26): warning C4100: 'buffer': 未引用的参数 [F:\Code\OpenProject\variational-surface-cutting\build\STM-Debug\projects\surface-texture-mapping\core\stm-core.vcxproj]
  (编译源文件“../../../../../projects/surface-texture-mapping/core/src/mesh_processing.cpp”)
  
F:\Code\OpenProject\variational-surface-cutting\deps\geometry-central\include\geometrycentral\utilities\dependent_quantity.ipp(49,26): warning C4100: 'buffer': 未引用的参数 [F:\Code\OpenProject\variational-surface-cutting\build\STM-Debug\projects\surface-texture-mapping\core\stm-core.vcxproj]
  (编译源文件“../../../../../projects/surface-texture-mapping/core/src/mesh_processing.cpp”)
  
F:\Code\OpenProject\variational-surface-cutting\deps\geometry-central\include\geometrycentral\utilities\dependent_quantity.ipp(50,23): warning C4100: 'buffer': 未引用的参数 [F:\Code\OpenProject\variational-surface-cutting\build\STM-Debug\projects\surface-texture-mapping\core\stm-core.vcxproj]
  (编译源文件“../../../../../projects/surface-texture-mapping/core/src/mesh_processing.cpp”)
  
F:\Code\OpenProject\variational-surface-cutting\deps\geometry-central\include\geometrycentral\surface\barycentric_coordinate_helpers.ipp(28,109): warning C4100: 'verbose': 未引用的参数 [F:\Code\OpenProject\variational-surface-cutting\build\STM-Debug\projects\surface-texture-mapping\core\stm-core.vcxproj]
  (编译源文件“../../../../../projects/surface-texture-mapping/core/src/mesh_processing.cpp”)
  
F:\Code\OpenProject\variational-surface-cutting\deps\geometry-central\include\geometrycentral\surface\mutation_manager.h(40,71): warning C4100: 'vec': 未引用的参数 [F:\Code\OpenProject\variational-surface-cutting\build\STM-Debug\projects\surface-texture-mapping\core\stm-core.vcxproj]
  (编译源文件“../../../../../projects/surface-texture-mapping/core/src/mesh_processing.cpp”)
  
F:\Code\OpenProject\variational-surface-cutting\deps\geometry-central\include\geometrycentral\surface\mutation_manager.h(40,53): warning C4100: 'v': 未引用的参数 [F:\Code\OpenProject\variational-surface-cutting\build\STM-Debug\projects\surface-texture-mapping\core\stm-core.vcxproj]
  (编译源文件“../../../../../projects/surface-texture-mapping/core/src/mesh_processing.cpp”)
  
F:\Code\OpenProject\variational-surface-cutting\deps\geometry-central\include\geometrycentral\surface\mutation_manager.h(45,43): warning C4100: 'e': 未引用的参数 [F:\Code\OpenProject\variational-surface-cutting\build\STM-Debug\projects\surface-texture-mapping\core\stm-core.vcxproj]
  (编译源文件“../../../../../projects/surface-texture-mapping/core/src/mesh_processing.cpp”)
  
F:\Code\OpenProject\variational-surface-cutting\deps\geometry-central\include\geometrycentral\surface\mutation_manager.h(46,42): warning C4100: 'e': 未引用的参数 [F:\Code\OpenProject\variational-surface-cutting\build\STM-Debug\projects\surface-texture-mapping\core\stm-core.vcxproj]
  (编译源文件“../../../../../projects/surface-texture-mapping/core/src/mesh_processing.cpp”)
  
F:\Code\OpenProject\variational-surface-cutting\deps\geometry-central\include\geometrycentral\surface\mutation_manager.h(51,61): warning C4100: 'tSplit': 未引用的参数 [F:\Code\OpenProject\variational-surface-cutting\build\STM-Debug\projects\surface-texture-mapping\core\stm-core.vcxproj]
  (编译源文件“../../../../../projects/surface-texture-mapping/core/src/mesh_processing.cpp”)
  
F:\Code\OpenProject\variational-surface-cutting\deps\geometry-central\include\geometrycentral\surface\mutation_manager.h(51,44): warning C4100: 'e': 未引用的参数 [F:\Code\OpenProject\variational-surface-cutting\build\STM-Debug\projects\surface-texture-mapping\core\stm-core.vcxproj]
  (编译源文件“../../../../../projects/surface-texture-mapping/core/src/mesh_processing.cpp”)
  
F:\Code\OpenProject\variational-surface-cutting\deps\geometry-central\include\geometrycentral\surface\mutation_manager.h(54,87): warning C4100: 'tSplit': 未引用的参数 [F:\Code\OpenProject\variational-surface-cutting\build\STM-Debug\projects\surface-texture-mapping\core\stm-core.vcxproj]
  (编译源文件“../../../../../projects/surface-texture-mapping/core/src/mesh_processing.cpp”)
  
F:\Code\OpenProject\variational-surface-cutting\deps\geometry-central\include\geometrycentral\surface\mutation_manager.h(54,68): warning C4100: 'he2': 未引用的参数 [F:\Code\OpenProject\variational-surface-cutting\build\STM-Debug\projects\surface-texture-mapping\core\stm-core.vcxproj]
  (编译源文件“../../../../../projects/surface-texture-mapping/core/src/mesh_processing.cpp”)
  
F:\Code\OpenProject\variational-surface-cutting\deps\geometry-central\include\geometrycentral\surface\mutation_manager.h(54,47): warning C4100: 'he1': 未引用的参数 [F:\Code\OpenProject\variational-surface-cutting\build\STM-Debug\projects\surface-texture-mapping\core\stm-core.vcxproj]
  (编译源文件“../../../../../projects/surface-texture-mapping/core/src/mesh_processing.cpp”)
  
F:\Code\OpenProject\variational-surface-cutting\deps\geometry-central\include\geometrycentral\surface\mutation_manager.h(59,64): warning C4100: 'tCollapse': 未引用的参数 [F:\Code\OpenProject\variational-surface-cutting\build\STM-Debug\projects\surface-texture-mapping\core\stm-core.vcxproj]
  (编译源文件“../../../../../projects/surface-texture-mapping/core/src/mesh_processing.cpp”)
  
F:\Code\OpenProject\variational-surface-cutting\deps\geometry-central\include\geometrycentral\surface\mutation_manager.h(59,47): warning C4100: 'e': 未引用的参数 [F:\Code\OpenProject\variational-surface-cutting\build\STM-Debug\projects\surface-texture-mapping\core\stm-core.vcxproj]
  (编译源文件“../../../../../projects/surface-texture-mapping/core/src/mesh_processing.cpp”)
  
F:\Code\OpenProject\variational-surface-cutting\deps\geometry-central\include\geometrycentral\surface\mutation_manager.h(60,65): warning C4100: 'tCollapse': 未引用的参数 [F:\Code\OpenProject\variational-surface-cutting\build\STM-Debug\projects\surface-texture-mapping\core\stm-core.vcxproj]
  (编译源文件“../../../../../projects/surface-texture-mapping/core/src/mesh_processing.cpp”)
  
F:\Code\OpenProject\variational-surface-cutting\deps\geometry-central\include\geometrycentral\surface\mutation_manager.h(60,48): warning C4100: 'v': 未引用的参数 [F:\Code\OpenProject\variational-surface-cutting\build\STM-Debug\projects\surface-texture-mapping\core\stm-core.vcxproj]
  (编译源文件“../../../../../projects/surface-texture-mapping/core/src/mesh_processing.cpp”)
  
F:\Code\OpenProject\variational-surface-cutting\deps\geometry-central\include\geometrycentral\surface\mutation_manager.h(66,74): warning C4100: 'bSplit': 未引用的参数 [F:\Code\OpenProject\variational-surface-cutting\build\STM-Debug\projects\surface-texture-mapping\core\stm-core.vcxproj]
  (编译源文件“../../../../../projects/surface-texture-mapping/core/src/mesh_processing.cpp”)
  
F:\Code\OpenProject\variational-surface-cutting\deps\geometry-central\include\geometrycentral\surface\mutation_manager.h(66,44): warning C4100: 'f': 未引用的参数 [F:\Code\OpenProject\variational-surface-cutting\build\STM-Debug\projects\surface-texture-mapping\core\stm-core.vcxproj]
  (编译源文件“../../../../../projects/surface-texture-mapping/core/src/mesh_processing.cpp”)
  
F:\Code\OpenProject\variational-surface-cutting\deps\geometry-central\include\geometrycentral\surface\mutation_manager.h(69,75): warning C4100: 'bSplit': 未引用的参数 [F:\Code\OpenProject\variational-surface-cutting\build\STM-Debug\projects\surface-texture-mapping\core\stm-core.vcxproj]
  (编译源文件“../../../../../projects/surface-texture-mapping/core/src/mesh_processing.cpp”)
  
F:\Code\OpenProject\variational-surface-cutting\deps\geometry-central\include\geometrycentral\surface\mutation_manager.h(69,45): warning C4100: 'v': 未引用的参数 [F:\Code\OpenProject\variational-surface-cutting\build\STM-Debug\projects\surface-texture-mapping\core\stm-core.vcxproj]
  (编译源文件“../../../../../projects/surface-texture-mapping/core/src/mesh_processing.cpp”)
  
F:\Code\OpenProject\variational-surface-cutting\deps\geometry-central\include\geometrycentral\surface\mutation_manager.ipp(84,70): warning C4100: 'bary': 未引用的参数 [F:\Code\OpenProject\variational-surface-cutting\build\STM-Debug\projects\surface-texture-mapping\core\stm-core.vcxproj]
  (编译源文件“../../../../../projects/surface-texture-mapping/core/src/mesh_processing.cpp”)
  
F:\Code\OpenProject\variational-surface-cutting\projects\surface-texture-mapping\core\src\mesh_processing.cpp(217,43): warning C4100: 'threshold': 未引用的参数 [F:\Code\OpenProject\variational-surface-cutting\build\STM-Debug\projects\surface-texture-mapping\core\stm-core.vcxproj]
F:\Code\OpenProject\variational-surface-cutting\projects\surface-texture-mapping\core\src\mesh_processing.cpp(221,47): warning C4100: 'threshold': 未引用的参数 [F:\Code\OpenProject\variational-surface-cutting\build\STM-Debug\projects\surface-texture-mapping\core\stm-core.vcxproj]
surface_filling.obj : warning LNK4006: "public: class std::vector<class std::vector<struct geometrycentral::Vector3,class std::allocator<struct geometrycentral::Vector3> >,class std::allocator<class std::vector<struct geometrycentral::Vector3,class std::allocator<struct geometrycentral::Vector3> > > > __cdecl SurfaceTextureMapping::SurfaceFiller::mapPathsTo3D(class std::vector<class std::vector<struct geometrycentral::Vector2,class std::allocator<struct geometrycentral::Vector2> >,class std::allocator<class std::vector<struct geometrycentral::Vector2,class std::allocator<struct geometrycentral::Vector2> > > > const &)const " (?mapPathsTo3D@SurfaceFiller@SurfaceTextureMapping@@QEBA?AV?$vector@V?$vector@UVector3@geometrycentral@@V?$allocator@UVector3@geometrycentral@@@std@@@std@@V?$allocator@V?$vector@UVector3@geometrycentral@@V?$allocator@UVector3@geometrycentral@@@std@@@std@@@2@@std@@AEBV?$vector@V?$vector@UVector2@geometrycentral@@V?$allocator@UVector2@geometrycentral@@@std@@@std@@V?$allocator@V?$vector@UVector2@geometrycentral@@V?$allocator@UVector2@geometrycentral@@@std@@@std@@@2@@4@@Z) already defined in uv_to_3d_mapper.obj; second definition ignored [F:\Code\OpenProject\variational-surface-cutting\build\STM-Debug\projects\surface-texture-mapping\core\stm-core.vcxproj]
mesh_processing.obj : warning LNK4006: "private: void __cdecl SurfaceTextureMapping::MeshProcessor::splitLongEdges(double)" (?splitLongEdges@MeshProcessor@SurfaceTextureMapping@@AEAAXN@Z) already defined in mesh_processor.obj; second definition ignored [F:\Code\OpenProject\variational-surface-cutting\build\STM-Debug\projects\surface-texture-mapping\core\stm-core.vcxproj]
mesh_processing.obj : warning LNK4006: "private: void __cdecl SurfaceTextureMapping::MeshProcessor::collapseShortEdges(double)" (?collapseShortEdges@MeshProcessor@SurfaceTextureMapping@@AEAAXN@Z) already defined in mesh_processor.obj; second definition ignored [F:\Code\OpenProject\variational-surface-cutting\build\STM-Debug\projects\surface-texture-mapping\core\stm-core.vcxproj]
mesh_processing.obj : warning LNK4006: "private: void __cdecl SurfaceTextureMapping::MeshProcessor::flipEdges(void)" (?flipEdges@MeshProcessor@SurfaceTextureMapping@@AEAAXXZ) already defined in mesh_processor.obj; second definition ignored [F:\Code\OpenProject\variational-surface-cutting\build\STM-Debug\projects\surface-texture-mapping\core\stm-core.vcxproj]
mesh_converter.obj : warning LNK4006: "public: static struct SurfaceTextureMapping::RealAlgorithmIntegration::IntegrationStatus __cdecl SurfaceTextureMapping::RealAlgorithmIntegration::checkIntegrationStatus(void)" (?checkIntegrationStatus@RealAlgorithmIntegration@SurfaceTextureMapping@@SA?AUIntegrationStatus@12@XZ) already defined in real_algorithm_integration.obj; second definition ignored [F:\Code\OpenProject\variational-surface-cutting\build\STM-Debug\projects\surface-texture-mapping\core\stm-core.vcxproj]
clipper_offset_filling.obj : warning LNK4006: "public: class std::vector<class std::vector<struct geometrycentral::Vector2,class std::allocator<struct geometrycentral::Vector2> >,class std::allocator<class std::vector<struct geometrycentral::Vector2,class std::allocator<struct geometrycentral::Vector2> > > > __cdecl SurfaceTextureMapping::SurfaceFiller::generateGridPattern(double,class std::vector<struct geometrycentral::Vector2,class std::allocator<struct geometrycentral::Vector2> > const &)const " (?generateGridPattern@SurfaceFiller@SurfaceTextureMapping@@QEBA?AV?$vector@V?$vector@UVector2@geometrycentral@@V?$allocator@UVector2@geometrycentral@@@std@@@std@@V?$allocator@V?$vector@UVector2@geometrycentral@@V?$allocator@UVector2@geometrycentral@@@std@@@std@@@2@@std@@NAEBV?$vector@UVector2@geometrycentral@@V?$allocator@UVector2@geometrycentral@@@std@@@4@@Z) already defined in surface_filling.obj; second definition ignored [F:\Code\OpenProject\variational-surface-cutting\build\STM-Debug\projects\surface-texture-mapping\core\stm-core.vcxproj]
clipper_offset_filling.obj : warning LNK4006: "public: class std::vector<class std::vector<struct geometrycentral::Vector2,class std::allocator<struct geometrycentral::Vector2> >,class std::allocator<class std::vector<struct geometrycentral::Vector2,class std::allocator<struct geometrycentral::Vector2> > > > __cdecl SurfaceTextureMapping::SurfaceFiller::generateHexagonalPattern(double,class std::vector<struct geometrycentral::Vector2,class std::allocator<struct geometrycentral::Vector2> > const &)const " (?generateHexagonalPattern@SurfaceFiller@SurfaceTextureMapping@@QEBA?AV?$vector@V?$vector@UVector2@geometrycentral@@V?$allocator@UVector2@geometrycentral@@@std@@@std@@V?$allocator@V?$vector@UVector2@geometrycentral@@V?$allocator@UVector2@geometrycentral@@@std@@@std@@@2@@std@@NAEBV?$vector@UVector2@geometrycentral@@V?$allocator@UVector2@geometrycentral@@@std@@@4@@Z) already defined in surface_filling.obj; second definition ignored [F:\Code\OpenProject\variational-surface-cutting\build\STM-Debug\projects\surface-texture-mapping\core\stm-core.vcxproj]
clipper_offset_filling.obj : warning LNK4006: "public: class std::vector<struct geometrycentral::Vector2,class std::allocator<struct geometrycentral::Vector2> > __cdecl SurfaceTextureMapping::SurfaceFiller::generateSpiralPattern(double,struct geometrycentral::Vector2 const &,double)const " (?generateSpiralPattern@SurfaceFiller@SurfaceTextureMapping@@QEBA?AV?$vector@UVector2@geometrycentral@@V?$allocator@UVector2@geometrycentral@@@std@@@std@@NAEBUVector2@geometrycentral@@N@Z) already defined in surface_filling.obj; second definition ignored [F:\Code\OpenProject\variational-surface-cutting\build\STM-Debug\projects\surface-texture-mapping\core\stm-core.vcxproj]
clipper_offset_filling.obj : warning LNK4006: "public: class std::vector<class std::vector<struct geometrycentral::Vector2,class std::allocator<struct geometrycentral::Vector2> >,class std::allocator<class std::vector<struct geometrycentral::Vector2,class std::allocator<struct geometrycentral::Vector2> > > > __cdecl SurfaceTextureMapping::SurfaceFiller::clipPaths(class std::vector<class std::vector<struct geometrycentral::Vector2,class std::allocator<struct geometrycentral::Vector2> >,class std::allocator<class std::vector<struct geometrycentral::Vector2,class std::allocator<struct geometrycentral::Vector2> > > > const &,class std::vector<class std::vector<struct geometrycentral::Vector2,class std::allocator<struct geometrycentral::Vector2> >,class std::allocator<class std::vector<struct geometrycentral::Vector2,class std::allocator<struct geometrycentral::Vector2> > > > const &,enum Clipper2Lib::ClipType)const " (?clipPaths@SurfaceFiller@SurfaceTextureMapping@@QEBA?AV?$vector@V?$vector@UVector2@geometrycentral@@V?$allocator@UVector2@geometrycentral@@@std@@@std@@V?$allocator@V?$vector@UVector2@geometrycentral@@V?$allocator@UVector2@geometrycentral@@@std@@@std@@@2@@std@@AEBV34@0W4ClipType@Clipper2Lib@@@Z) already defined in surface_filling.obj; second definition ignored [F:\Code\OpenProject\variational-surface-cutting\build\STM-Debug\projects\surface-texture-mapping\core\stm-core.vcxproj]
  stm-core.vcxproj -> F:\Code\OpenProject\variational-surface-cutting\build\STM-Debug\lib\Debug\stm-core.lib
LINK : warning LNK4217: symbol 'glfwGetError' defined in 'glfw_stubs.obj' is imported by 'imguid.lib(imgui_impl_glfw.cpp.obj)' in function '"int __cdecl ImGui_ImplGlfw_TranslateUntranslatedKey(int,int)" (?ImGui_ImplGlfw_TranslateUntranslatedKey@@YAHHH@Z)' [F:\Code\OpenProject\variational-surface-cutting\build\STM-Debug\projects\surface-texture-mapping\SurfaceTextureMapping_imgui_gui.vcxproj]
LINK : warning LNK4217: symbol 'glfwSetErrorCallback' defined in 'glfw3.lib(init.obj)' is imported by 'imguid.lib(imgui_impl_glfw.cpp.obj)' in function '"int __cdecl ImGui_ImplGlfw_TranslateUntranslatedKey(int,int)" (?ImGui_ImplGlfw_TranslateUntranslatedKey@@YAHHH@Z)' [F:\Code\OpenProject\variational-surface-cutting\build\STM-Debug\projects\surface-texture-mapping\SurfaceTextureMapping_imgui_gui.vcxproj]
LINK : warning LNK4217: symbol 'glfwSetMonitorCallback' defined in 'glfw3.lib(monitor.obj)' is imported by 'imguid.lib(imgui_impl_glfw.cpp.obj)' in function '"void __cdecl ImGui_ImplGlfw_InstallCallbacks(struct GLFWwindow *)" (?ImGui_ImplGlfw_InstallCallbacks@@YAXPEAUGLFWwindow@@@Z)' [F:\Code\OpenProject\variational-surface-cutting\build\STM-Debug\projects\surface-texture-mapping\SurfaceTextureMapping_imgui_gui.vcxproj]
LINK : warning LNK4217: symbol 'glfwGetWindowSize' defined in 'glfw3.lib(window.obj)' is imported by 'imguid.lib(imgui_impl_glfw.cpp.obj)' in function '"void __cdecl ImGui_ImplGlfw_NewFrame(void)" (?ImGui_ImplGlfw_NewFrame@@YAXXZ)' [F:\Code\OpenProject\variational-surface-cutting\build\STM-Debug\projects\surface-texture-mapping\SurfaceTextureMapping_imgui_gui.vcxproj]
LINK : warning LNK4217: symbol 'glfwGetFramebufferSize' defined in 'glfw3.lib(window.obj)' is imported by 'imguid.lib(imgui_impl_glfw.cpp.obj)' in function '"void __cdecl ImGui_ImplGlfw_NewFrame(void)" (?ImGui_ImplGlfw_NewFrame@@YAXXZ)' [F:\Code\OpenProject\variational-surface-cutting\build\STM-Debug\projects\surface-texture-mapping\SurfaceTextureMapping_imgui_gui.vcxproj]
LINK : warning LNK4217: symbol 'glfwGetWindowAttrib' defined in 'glfw3.lib(window.obj)' is imported by 'imguid.lib(imgui_impl_glfw.cpp.obj)' in function '"void __cdecl ImGui_ImplGlfw_UpdateMouseData(void)" (?ImGui_ImplGlfw_UpdateMouseData@@YAXXZ)' [F:\Code\OpenProject\variational-surface-cutting\build\STM-Debug\projects\surface-texture-mapping\SurfaceTextureMapping_imgui_gui.vcxproj]
LINK : warning LNK4217: symbol 'glfwSetWindowFocusCallback' defined in 'glfw3.lib(window.obj)' is imported by 'imguid.lib(imgui_impl_glfw.cpp.obj)' in function '"void __cdecl ImGui_ImplGlfw_InstallCallbacks(struct GLFWwindow *)" (?ImGui_ImplGlfw_InstallCallbacks@@YAXPEAUGLFWwindow@@@Z)' [F:\Code\OpenProject\variational-surface-cutting\build\STM-Debug\projects\surface-texture-mapping\SurfaceTextureMapping_imgui_gui.vcxproj]
LINK : warning LNK4217: symbol 'glfwGetInputMode' defined in 'glfw3.lib(input.obj)' is imported by 'imguid.lib(imgui_impl_glfw.cpp.obj)' in function '"void __cdecl ImGui_ImplGlfw_UpdateMouseCursor(void)" (?ImGui_ImplGlfw_UpdateMouseCursor@@YAXXZ)' [F:\Code\OpenProject\variational-surface-cutting\build\STM-Debug\projects\surface-texture-mapping\SurfaceTextureMapping_imgui_gui.vcxproj]
LINK : warning LNK4217: symbol 'glfwSetInputMode' defined in 'glfw3.lib(input.obj)' is imported by 'imguid.lib(imgui_impl_glfw.cpp.obj)' in function '"void __cdecl ImGui_ImplGlfw_UpdateMouseCursor(void)" (?ImGui_ImplGlfw_UpdateMouseCursor@@YAXXZ)' [F:\Code\OpenProject\variational-surface-cutting\build\STM-Debug\projects\surface-texture-mapping\SurfaceTextureMapping_imgui_gui.vcxproj]
LINK : warning LNK4217: symbol 'glfwGetKeyName' defined in 'glfw3.lib(input.obj)' is imported by 'imguid.lib(imgui_impl_glfw.cpp.obj)' in function '"int __cdecl ImGui_ImplGlfw_TranslateUntranslatedKey(int,int)" (?ImGui_ImplGlfw_TranslateUntranslatedKey@@YAHHH@Z)' [F:\Code\OpenProject\variational-surface-cutting\build\STM-Debug\projects\surface-texture-mapping\SurfaceTextureMapping_imgui_gui.vcxproj]
LINK : warning LNK4217: symbol 'glfwGetKey' defined in 'glfw3.lib(input.obj)' is imported by 'imguid.lib(imgui_impl_glfw.cpp.obj)' in function '"void __cdecl ImGui_ImplGlfw_UpdateKeyModifiers(struct GLFWwindow *)" (?ImGui_ImplGlfw_UpdateKeyModifiers@@YAXPEAUGLFWwindow@@@Z)' [F:\Code\OpenProject\variational-surface-cutting\build\STM-Debug\projects\surface-texture-mapping\SurfaceTextureMapping_imgui_gui.vcxproj]
LINK : warning LNK4217: symbol 'glfwGetCursorPos' defined in 'glfw3.lib(input.obj)' is imported by 'imguid.lib(imgui_impl_glfw.cpp.obj)' in function '"void __cdecl ImGui_ImplGlfw_UpdateMouseData(void)" (?ImGui_ImplGlfw_UpdateMouseData@@YAXXZ)' [F:\Code\OpenProject\variational-surface-cutting\build\STM-Debug\projects\surface-texture-mapping\SurfaceTextureMapping_imgui_gui.vcxproj]
LINK : warning LNK4217: symbol 'glfwSetCursorPos' defined in 'glfw3.lib(input.obj)' is imported by 'imguid.lib(imgui_impl_glfw.cpp.obj)' in function '"void __cdecl ImGui_ImplGlfw_UpdateMouseData(void)" (?ImGui_ImplGlfw_UpdateMouseData@@YAXXZ)' [F:\Code\OpenProject\variational-surface-cutting\build\STM-Debug\projects\surface-texture-mapping\SurfaceTextureMapping_imgui_gui.vcxproj]
LINK : warning LNK4217: symbol 'glfwCreateStandardCursor' defined in 'glfw3.lib(input.obj)' is imported by 'imguid.lib(imgui_impl_glfw.cpp.obj)' in function '"bool __cdecl ImGui_ImplGlfw_Init(struct GLFWwindow *,bool,enum GlfwClientApi)" (?ImGui_ImplGlfw_Init@@YA_NPEAUGLFWwindow@@_NW4GlfwClientApi@@@Z)' [F:\Code\OpenProject\variational-surface-cutting\build\STM-Debug\projects\surface-texture-mapping\SurfaceTextureMapping_imgui_gui.vcxproj]
LINK : warning LNK4217: symbol 'glfwDestroyCursor' defined in 'glfw3.lib(input.obj)' is imported by 'imguid.lib(imgui_impl_glfw.cpp.obj)' in function '"void __cdecl ImGui_ImplGlfw_Shutdown(void)" (?ImGui_ImplGlfw_Shutdown@@YAXXZ)' [F:\Code\OpenProject\variational-surface-cutting\build\STM-Debug\projects\surface-texture-mapping\SurfaceTextureMapping_imgui_gui.vcxproj]
LINK : warning LNK4217: symbol 'glfwSetCursor' defined in 'glfw3.lib(input.obj)' is imported by 'imguid.lib(imgui_impl_glfw.cpp.obj)' in function '"void __cdecl ImGui_ImplGlfw_UpdateMouseCursor(void)" (?ImGui_ImplGlfw_UpdateMouseCursor@@YAXXZ)' [F:\Code\OpenProject\variational-surface-cutting\build\STM-Debug\projects\surface-texture-mapping\SurfaceTextureMapping_imgui_gui.vcxproj]
LINK : warning LNK4217: symbol 'glfwSetKeyCallback' defined in 'glfw3.lib(input.obj)' is imported by 'imguid.lib(imgui_impl_glfw.cpp.obj)' in function '"void __cdecl ImGui_ImplGlfw_InstallCallbacks(struct GLFWwindow *)" (?ImGui_ImplGlfw_InstallCallbacks@@YAXPEAUGLFWwindow@@@Z)' [F:\Code\OpenProject\variational-surface-cutting\build\STM-Debug\projects\surface-texture-mapping\SurfaceTextureMapping_imgui_gui.vcxproj]
LINK : warning LNK4217: symbol 'glfwSetCharCallback' defined in 'glfw3.lib(input.obj)' is imported by 'imguid.lib(imgui_impl_glfw.cpp.obj)' in function '"void __cdecl ImGui_ImplGlfw_InstallCallbacks(struct GLFWwindow *)" (?ImGui_ImplGlfw_InstallCallbacks@@YAXPEAUGLFWwindow@@@Z)' [F:\Code\OpenProject\variational-surface-cutting\build\STM-Debug\projects\surface-texture-mapping\SurfaceTextureMapping_imgui_gui.vcxproj]
LINK : warning LNK4217: symbol 'glfwSetMouseButtonCallback' defined in 'glfw3.lib(input.obj)' is imported by 'imguid.lib(imgui_impl_glfw.cpp.obj)' in function '"void __cdecl ImGui_ImplGlfw_InstallCallbacks(struct GLFWwindow *)" (?ImGui_ImplGlfw_InstallCallbacks@@YAXPEAUGLFWwindow@@@Z)' [F:\Code\OpenProject\variational-surface-cutting\build\STM-Debug\projects\surface-texture-mapping\SurfaceTextureMapping_imgui_gui.vcxproj]
LINK : warning LNK4217: symbol 'glfwSetCursorPosCallback' defined in 'glfw3.lib(input.obj)' is imported by 'imguid.lib(imgui_impl_glfw.cpp.obj)' in function '"void __cdecl ImGui_ImplGlfw_InstallCallbacks(struct GLFWwindow *)" (?ImGui_ImplGlfw_InstallCallbacks@@YAXPEAUGLFWwindow@@@Z)' [F:\Code\OpenProject\variational-surface-cutting\build\STM-Debug\projects\surface-texture-mapping\SurfaceTextureMapping_imgui_gui.vcxproj]
LINK : warning LNK4217: symbol 'glfwSetCursorEnterCallback' defined in 'glfw3.lib(input.obj)' is imported by 'imguid.lib(imgui_impl_glfw.cpp.obj)' in function '"void __cdecl ImGui_ImplGlfw_InstallCallbacks(struct GLFWwindow *)" (?ImGui_ImplGlfw_InstallCallbacks@@YAXPEAUGLFWwindow@@@Z)' [F:\Code\OpenProject\variational-surface-cutting\build\STM-Debug\projects\surface-texture-mapping\SurfaceTextureMapping_imgui_gui.vcxproj]
LINK : warning LNK4217: symbol 'glfwSetScrollCallback' defined in 'glfw3.lib(input.obj)' is imported by 'imguid.lib(imgui_impl_glfw.cpp.obj)' in function '"void __cdecl ImGui_ImplGlfw_InstallCallbacks(struct GLFWwindow *)" (?ImGui_ImplGlfw_InstallCallbacks@@YAXPEAUGLFWwindow@@@Z)' [F:\Code\OpenProject\variational-surface-cutting\build\STM-Debug\projects\surface-texture-mapping\SurfaceTextureMapping_imgui_gui.vcxproj]
LINK : warning LNK4217: symbol 'glfwGetGamepadState' defined in 'glfw_stubs.obj' is imported by 'imguid.lib(imgui_impl_glfw.cpp.obj)' in function '"void __cdecl ImGui_ImplGlfw_UpdateGamepads(void)" (?ImGui_ImplGlfw_UpdateGamepads@@YAXXZ)' [F:\Code\OpenProject\variational-surface-cutting\build\STM-Debug\projects\surface-texture-mapping\SurfaceTextureMapping_imgui_gui.vcxproj]
LINK : warning LNK4217: symbol 'glfwSetClipboardString' defined in 'glfw3.lib(input.obj)' is imported by 'imguid.lib(imgui_impl_glfw.cpp.obj)' in function '"public: __cdecl <lambda_1c18e90a97b0ab8a81e6d3f8f047abec>::operator()(struct ImGuiContext *,char const *)const " (??R<lambda_1c18e90a97b0ab8a81e6d3f8f047abec>@@QEBA@PEAUImGuiContext@@PEBD@Z)' [F:\Code\OpenProject\variational-surface-cutting\build\STM-Debug\projects\surface-texture-mapping\SurfaceTextureMapping_imgui_gui.vcxproj]
LINK : warning LNK4217: symbol 'glfwGetClipboardString' defined in 'glfw3.lib(input.obj)' is imported by 'imguid.lib(imgui_impl_glfw.cpp.obj)' in function '"public: __cdecl <lambda_f1a89c3f285b1cf36484cf5c05ed4fb9>::operator()(struct ImGuiContext *)const " (??R<lambda_f1a89c3f285b1cf36484cf5c05ed4fb9>@@QEBA@PEAUImGuiContext@@@Z)' [F:\Code\OpenProject\variational-surface-cutting\build\STM-Debug\projects\surface-texture-mapping\SurfaceTextureMapping_imgui_gui.vcxproj]
LINK : warning LNK4217: symbol 'glfwGetTime' defined in 'glfw3.lib(input.obj)' is imported by 'imguid.lib(imgui_impl_glfw.cpp.obj)' in function '"void __cdecl ImGui_ImplGlfw_NewFrame(void)" (?ImGui_ImplGlfw_NewFrame@@YAXXZ)' [F:\Code\OpenProject\variational-surface-cutting\build\STM-Debug\projects\surface-texture-mapping\SurfaceTextureMapping_imgui_gui.vcxproj]
LINK : warning LNK4217: symbol 'glfwGetWin32Window' defined in 'glfw3.lib(win32_window.obj)' is imported by 'imguid.lib(imgui_impl_glfw.cpp.obj)' in function '"bool __cdecl ImGui_ImplGlfw_Init(struct GLFWwindow *,bool,enum GlfwClientApi)" (?ImGui_ImplGlfw_Init@@YA_NPEAUGLFWwindow@@_NW4GlfwClientApi@@@Z)' [F:\Code\OpenProject\variational-surface-cutting\build\STM-Debug\projects\surface-texture-mapping\SurfaceTextureMapping_imgui_gui.vcxproj]
  SurfaceTextureMapping_imgui_gui.vcxproj -> F:\Code\OpenProject\variational-surface-cutting\build\STM-Debug\bin\Debug\SurfaceTextureMapping_imgui_gui.exe
